<?xml version="1.0"?><coverage lines-covered="695" lines-valid="855" line-rate="0.8128654970760234" branches-covered="0" branches-valid="0" branch-rate="0" complexity="0" version="1.9" timestamp="1757750628"><sources><source>D:\GitHub\context-builder</source></sources><packages><package name="src" line-rate="0.8128654970760234" branch-rate="0" complexity="0"><classes><class name="cache" filename="src\cache.rs" line-rate="0.8970588235294118" branch-rate="0" complexity="0"><methods/><lines><line number="28" hits="4971973988617027584"/><line number="30" hits="14915921965851082752"/><line number="32" hits="14915921965851082752"/><line number="33" hits="14915921965851082752"/><line number="36" hits="9943947977234055168"/><line number="39" hits="7638104968020361216"/><line number="40" hits="2666130979403333632"/><line number="50" hits="9943947977234055168"/><line number="52" hits="4971973988617027584"/><line number="56" hits="5116089176692883456"/><line number="58" hits="15348267530078650368"/><line number="59" hits="5476377146882523136"/><line number="61" hits="2377900603251621888"/><line number="62" hits="2377900603251621888"/><line number="63" hits="0"/><line number="68" hits="10160120759347838976"/><line number="71" hits="72057594037927936"/><line number="76" hits="5116089176692883456"/><line number="77" hits="10232178353385766912"/><line number="78" hits="15348267530078650368"/><line number="79" hits="2017612633061982208"/><line number="83" hits="5188146770730811392"/><line number="84" hits="15564440312192434176"/><line number="87" hits="10376293541461622784"/><line number="88" hits="10232178353385766912"/><line number="90" hits="72057594037927936"/><line number="95" hits="5260204364768739328"/><line number="96" hits="10520408729537478656"/><line number="98" hits="15780613094306217984"/><line number="99" hits="15780613094306217984"/><line number="100" hits="15780613094306217984"/><line number="101" hits="2594073385365405696"/><line number="105" hits="9295429630892703744"/><line number="106" hits="9439544818968559616"/><line number="107" hits="9295429630892703744"/><line number="108" hits="9295429630892703744"/><line number="113" hits="0"/><line number="114" hits="0"/><line number="118" hits="4971973988617027584"/><line number="119" hits="9943947977234055168"/><line number="121" hits="16357073846609641472"/><line number="123" hits="288230376151711744"/><line number="124" hits="864691128455135232"/><line number="125" hits="288230376151711744"/><line number="130" hits="9943947977234055168"/><line number="131" hits="2161727821137838080"/><line number="134" hits="144115188075855872"/><line number="135" hits="72057594037927936"/><line number="136" hits="72057594037927936"/><line number="143" hits="4539628424389459968"/><line number="144" hits="13618885273168379904"/><line number="146" hits="4539628424389459968"/><line number="147" hits="2449958197289549824"/><line number="150" hits="6269010681299730432"/><line number="152" hits="0"/><line number="154" hits="2089670227099910144"/><line number="156" hits="0"/><line number="159" hits="2089670227099910144"/><line number="161" hits="4179340454199820288"/><line number="166" hits="4395513236313604096"/><line number="167" hits="13186539708940812288"/><line number="169" hits="13186539708940812288"/><line number="171" hits="0"/><line number="173" hits="8791026472627208192"/><line number="175" hits="0"/><line number="176" hits="4395513236313604096"/><line number="179" hits="4395513236313604096"/><line number="181" hits="4395513236313604096"/></lines></class><class name="config" filename="src\config.rs" line-rate="1" branch-rate="0" complexity="0"><methods/><lines><line number="76" hits="1945555039024054272"/><line number="77" hits="5836665117072162816"/><line number="78" hits="3891110078048108544"/><line number="79" hits="7493989779944505344"/><line number="82" hits="72057594037927936"/><line number="88" hits="2233785415175766016"/><line number="89" hits="6701356245527298048"/><line number="90" hits="2233785415175766016"/><line number="91" hits="8646911284551352320"/><line number="94" hits="72057594037927936"/></lines></class><class name="config_resolver" filename="src\config_resolver.rs" line-rate="0.8028169014084507" branch-rate="0" complexity="0"><methods/><lines><line number="48" hits="1224979098644774912"/><line number="49" hits="2449958197289549824"/><line number="52" hits="3602879701896396800"/><line number="57" hits="72057594037927936"/><line number="61" hits="2449958197289549824"/><line number="62" hits="2449958197289549824"/><line number="63" hits="2449958197289549824"/><line number="64" hits="2449958197289549824"/><line number="65" hits="2449958197289549824"/><line number="66" hits="2449958197289549824"/><line number="67" hits="2449958197289549824"/><line number="68" hits="2449958197289549824"/><line number="69" hits="2449958197289549824"/><line number="70" hits="2449958197289549824"/><line number="71" hits="3674937295934324736"/><line number="72" hits="1224979098644774912"/><line number="82" hits="1152921504606846976"/><line number="84" hits="1152921504606846976"/><line number="85" hits="720575940379279360"/><line number="87" hits="432345564227567616"/><line number="91" hits="2305843009213693952"/><line number="92" hits="1297036692682702848"/><line number="94" hits="720575940379279360"/><line number="98" hits="2305843009213693952"/><line number="99" hits="1369094286720630784"/><line number="101" hits="432345564227567616"/><line number="107" hits="1152921504606846976"/><line number="108" hits="1297036692682702848"/><line number="113" hits="1152921504606846976"/><line number="114" hits="1297036692682702848"/><line number="119" hits="1152921504606846976"/><line number="120" hits="1224979098644774912"/><line number="125" hits="1152921504606846976"/><line number="126" hits="792633534417207296"/><line number="132" hits="1152921504606846976"/><line number="133" hits="1152921504606846976"/><line number="135" hits="72057594037927936"/><line number="139" hits="1152921504606846976"/><line number="140" hits="216172782113783808"/><line number="142" hits="648518346341351424"/><line number="143" hits="216172782113783808"/><line number="144" hits="216172782113783808"/><line number="145" hits="216172782113783808"/><line number="151" hits="1152921504606846976"/><line number="152" hits="3458764513820540928"/><line number="155" hits="1441151880758558720"/><line number="163" hits="1152921504606846976"/><line number="164" hits="1152921504606846976"/><line number="165" hits="864691128455135232"/><line number="167" hits="576460752303423488"/><line number="169" hits="864691128455135232"/><line number="172" hits="2305843009213693952"/><line number="174" hits="864691128455135232"/><line number="176" hits="504403158265495552"/><line number="182" hits="360287970189639680"/><line number="183" hits="144115188075855872"/><line number="188" hits="1441151880758558720"/><line number="190" hits="0"/><line number="191" hits="0"/><line number="192" hits="0"/><line number="193" hits="0"/><line number="202" hits="0"/><line number="203" hits="0"/><line number="206" hits="0"/><line number="207" hits="0"/><line number="208" hits="0"/><line number="209" hits="0"/><line number="210" hits="0"/><line number="211" hits="0"/><line number="212" hits="0"/><line number="213" hits="0"/></lines></class><class name="diff" filename="src\diff.rs" line-rate="0.9896907216494846" branch-rate="0" complexity="0"><methods/><lines><line number="27" hits="3098476543630901248"/><line number="28" hits="3098476543630901248"/><line number="29" hits="3602879701896396800"/><line number="30" hits="5764607523034234880"/><line number="31" hits="2666130979403333632"/><line number="32" hits="2666130979403333632"/><line number="33" hits="2666130979403333640"/><line number="34" hits="2666130979403333632"/><line number="41" hits="576460752303423488"/><line number="42" hits="2305843009213693952"/><line number="43" hits="576460752303423488"/><line number="44" hits="216172782113783808"/><line number="51" hits="432345564227567616"/><line number="52" hits="72057594037927936"/><line number="53" hits="144115188075855872"/><line number="55" hits="2738188573441261568"/><line number="56" hits="2449958197289549824"/><line number="60" hits="4899916394579099648"/><line number="61" hits="2666130979403333632"/><line number="62" hits="216172782113783808"/><line number="67" hits="432345564227567616"/><line number="68" hits="1729382256910270464"/><line number="69" hits="1729382256910270464"/><line number="70" hits="432345564227567616"/><line number="72" hits="432345564227567616"/><line number="73" hits="1729382256910270464"/><line number="74" hits="1729382256910270464"/><line number="75" hits="432345564227567616"/><line number="77" hits="1585267068834414592"/><line number="78" hits="1585267068834414592"/><line number="79" hits="1585267068834414592"/><line number="80" hits="1585267068834414592"/><line number="109" hits="2161727821137838080"/><line number="110" hits="2161727821137838080"/><line number="116" hits="1585267068834414592"/><line number="117" hits="6341068275337658368"/><line number="118" hits="1585267068834414592"/><line number="119" hits="0"/><line number="124" hits="1657324662872342528"/><line number="125" hits="72057594037927936"/><line number="126" hits="144115188075855872"/><line number="128" hits="7566047373982433280"/><line number="129" hits="4827858800541171712"/><line number="133" hits="9655717601082343424"/><line number="134" hits="5260204364768739328"/><line number="135" hits="432345564227567616"/><line number="140" hits="1585267068834414592"/><line number="141" hits="6341068275337658368"/><line number="142" hits="6341068275337658368"/><line number="143" hits="1585267068834414592"/><line number="145" hits="1729382256910270464"/><line number="146" hits="6917529027641081856"/><line number="147" hits="6917529027641081856"/><line number="148" hits="1729382256910270464"/><line number="150" hits="1513209474796486656"/><line number="151" hits="1513209474796486656"/><line number="152" hits="1513209474796486656"/><line number="153" hits="1513209474796486656"/><line number="174" hits="2522015791327477760"/><line number="180" hits="4251398048237748224"/><line number="181" hits="2522015791327477760"/><line number="182" hits="5044031582654955520"/><line number="184" hits="7566047373982433280"/><line number="185" hits="5044031582654955520"/><line number="187" hits="14483576401623515136"/><line number="188" hits="5476377146882523136"/><line number="189" hits="5476377146882523136"/><line number="190" hits="11961560610296037376"/><line number="191" hits="1080863910568919040"/><line number="195" hits="1369094286720630784"/><line number="207" hits="216172782113783808"/><line number="212" hits="504403158265495552"/><line number="224" hits="9367487224930631680"/><line number="225" hits="4683743612465315840"/><line number="226" hits="3314649325744685056"/><line number="227" hits="72057594037927936"/><line number="228" hits="72057594037927936"/><line number="229" hits="72057594037927936"/><line number="230" hits="72057594037927936"/><line number="234" hits="1441151880758558720"/><line number="235" hits="1441151880758558720"/><line number="236" hits="1441151880758558720"/><line number="237" hits="1441151880758558720"/><line number="238" hits="1441151880758558720"/><line number="246" hits="2522015791327477760"/><line number="252" hits="1441151880758558720"/><line number="253" hits="2882303761517117440"/><line number="254" hits="5764607523034234880"/><line number="257" hits="936748722493063168"/><line number="258" hits="432345564227567616"/><line number="259" hits="3026418949592973312"/><line number="260" hits="72057594037927936"/><line number="261" hits="144115188075855872"/><line number="265" hits="2089670227099910144"/><line number="266" hits="72057594037927936"/><line number="267" hits="72057594037927936"/><line number="272" hits="1441151880758558720"/></lines></class><class name="file_utils" filename="src\file_utils.rs" line-rate="0.6739130434782609" branch-rate="0" complexity="0"><methods/><lines><line number="7" hits="11817445422220181504"/><line number="12" hits="17005592192950992896"/><line number="16" hits="17005592192950992896"/><line number="17" hits="13979173243358019584"/><line number="22" hits="3458764513820540928"/><line number="23" hits="2449958197289549824"/><line number="31" hits="11673330234144325632"/><line number="38" hits="9799832789158199300"/><line number="39" hits="4"/><line number="40" hits="4"/><line number="41" hits="8"/><line number="47" hits="4971973988617027584"/><line number="49" hits="17509995351216488448"/><line number="60" hits="16285016252571713538"/><line number="64" hits="12321848580485677053"/><line number="70" hits="216172782113783808"/><line number="71" hits="216172782113783808"/><line number="72" hits="0"/><line number="73" hits="0"/><line number="76" hits="0"/><line number="77" hits="0"/><line number="78" hits="0"/><line number="79" hits="0"/><line number="80" hits="0"/><line number="83" hits="216172782113783808"/><line number="87" hits="0"/><line number="88" hits="0"/><line number="89" hits="0"/><line number="90" hits="0"/><line number="91" hits="0"/><line number="93" hits="0"/><line number="94" hits="0"/><line number="96" hits="0"/><line number="100" hits="432345564227567616"/><line number="101" hits="432345564227567616"/><line number="102" hits="144115188075855872"/><line number="105" hits="576460752303423488"/><line number="106" hits="576460752303423488"/><line number="108" hits="936748722493063168"/><line number="109" hits="720575940379279360"/><line number="112" hits="864691128455135232"/><line number="113" hits="288230376151711744"/><line number="114" hits="216172782113783808"/><line number="115" hits="432345564227567616"/><line number="116" hits="216172782113783808"/><line number="121" hits="288230376151711744"/></lines></class><class name="lib" filename="src\lib.rs" line-rate="0.6621621621621622" branch-rate="0" complexity="0"><methods/><lines><line number="39" hits="144115188075855872"/><line number="56" hits="72057594037927936"/><line number="57" hits="144115188075855872"/><line number="59" hits="0"/><line number="60" hits="0"/><line number="64" hits="5908722711110090752"/><line number="65" hits="11817445422220181504"/><line number="67" hits="11817445422220181504"/><line number="68" hits="6629298651489370112"/><line number="72" hits="11817445422220181504"/><line number="75" hits="17726168133330272256"/><line number="76" hits="17726168133330272256"/><line number="77" hits="11817445422220181504"/><line number="78" hits="1873497444986126336"/><line number="79" hits="864691128455135232"/><line number="80" hits="432345564227567616"/><line number="81" hits="432345564227567616"/><line number="82" hits="1297036692682702848"/><line number="83" hits="432345564227567616"/><line number="84" hits="0"/><line number="85" hits="0"/><line number="87" hits="0"/><line number="89" hits="17726168133330272256"/><line number="91" hits="11673330234144325632"/><line number="92" hits="288230376151711744"/><line number="93" hits="144115188075855872"/><line number="94" hits="144115188075855872"/><line number="95" hits="144115188075855872"/><line number="108" hits="17293822569102704640"/><line number="109" hits="2161727821137838080"/><line number="110" hits="4323455642275676160"/><line number="111" hits="2161727821137838080"/><line number="112" hits="2161727821137838080"/><line number="115" hits="3602879701896396800"/><line number="118" hits="5764607523034234880"/><line number="119" hits="5404319552844595200"/><line number="120" hits="10376293541461622784"/><line number="121" hits="432345564227567616"/><line number="122" hits="648518346341351424"/><line number="124" hits="360287970189639680"/><line number="125" hits="144115188075855872"/><line number="133" hits="5548434740920451072"/><line number="136" hits="0"/><line number="137" hits="0"/><line number="138" hits="0"/><line number="139" hits="0"/><line number="146" hits="576460752303423488"/><line number="147" hits="216172782113783808"/><line number="148" hits="216172782113783808"/><line number="150" hits="360287970189639680"/><line number="151" hits="216172782113783808"/><line number="155" hits="5332261958806667264"/><line number="156" hits="360287970189639680"/><line number="157" hits="216172782113783808"/><line number="160" hits="0"/><line number="161" hits="0"/><line number="162" hits="0"/><line number="163" hits="0"/><line number="164" hits="0"/><line number="167" hits="432345564227567616"/><line number="168" hits="216172782113783808"/><line number="169" hits="216172782113783808"/><line number="172" hits="0"/><line number="173" hits="0"/><line number="174" hits="0"/><line number="175" hits="0"/><line number="187" hits="2017612633061982208"/><line number="194" hits="360287970189639680"/><line number="197" hits="1152921504606846976"/><line number="198" hits="216172782113783808"/><line number="199" hits="72057594037927936"/><line number="211" hits="576460752303423488"/><line number="214" hits="432345564227567616"/><line number="223" hits="6485183463413514240"/><line number="225" hits="2882303761517117440"/><line number="226" hits="720575940379279360"/><line number="228" hits="2161727821137838080"/><line number="229" hits="0"/><line number="231" hits="2161727821137838080"/><line number="235" hits="2161727821137838080"/><line number="236" hits="2161727821137838080"/><line number="237" hits="2161727821137838080"/><line number="238" hits="2161727821137838080"/><line number="244" hits="2017612633061982208"/><line number="245" hits="144115188075855872"/><line number="246" hits="288230376151711744"/><line number="247" hits="144115188075855872"/><line number="248" hits="144115188075855872"/><line number="249" hits="144115188075855872"/><line number="252" hits="144115188075855872"/><line number="259" hits="792633534417207296"/><line number="262" hits="0"/><line number="264" hits="792633534417207296"/><line number="267" hits="1369094286720630784"/><line number="271" hits="2377900603251621888"/><line number="275" hits="0"/><line number="276" hits="0"/><line number="277" hits="0"/><line number="279" hits="0"/><line number="280" hits="0"/><line number="282" hits="0"/><line number="283" hits="0"/><line number="285" hits="0"/><line number="286" hits="0"/><line number="289" hits="0"/><line number="294" hits="0"/><line number="298" hits="0"/><line number="299" hits="0"/><line number="300" hits="0"/><line number="302" hits="0"/><line number="318" hits="2161727821137838080"/><line number="319" hits="2161727821137838080"/><line number="320" hits="72057594037927936"/><line number="328" hits="2161727821137838080"/><line number="329" hits="0"/><line number="332" hits="2161727821137838080"/><line number="333" hits="0"/><line number="335" hits="0"/><line number="340" hits="2882303761517117440"/><line number="341" hits="576460752303423488"/><line number="342" hits="576460752303423488"/><line number="343" hits="576460752303423488"/><line number="344" hits="576460752303423488"/><line number="347" hits="216172782113783808"/><line number="348" hits="216172782113783808"/><line number="349" hits="216172782113783808"/><line number="353" hits="1297036692682702848"/><line number="354" hits="1297036692682702848"/><line number="355" hits="1297036692682702848"/><line number="376" hits="2666130979403333632"/><line number="377" hits="2377900603251621888"/><line number="378" hits="2377900603251621888"/><line number="379" hits="2377900603251621888"/><line number="386" hits="4323455642275676160"/><line number="393" hits="8646911284551352320"/><line number="396" hits="12970366926827028480"/><line number="399" hits="12970366926827028480"/><line number="400" hits="4323455642275676160"/><line number="401" hits="4323455642275676160"/><line number="403" hits="12970366926827028480"/><line number="405" hits="5764607523034234880"/><line number="406" hits="1441151880758558720"/><line number="409" hits="4323455642275676160"/><line number="410" hits="0"/><line number="413" hits="8646911284551352320"/><line number="416" hits="5908722711110090752"/><line number="418" hits="3458764513820540928"/><line number="421" hits="3458764513820540928"/><line number="422" hits="1152921504606846976"/><line number="424" hits="3026418949592973312"/><line number="427" hits="1585267068834414592"/><line number="428" hits="288230376151711744"/><line number="429" hits="864691128455135232"/><line number="434" hits="4611686018427387904"/><line number="435" hits="4035225266123964416"/><line number="441" hits="0"/><line number="445" hits="8358680908399640576"/><line number="455" hits="3458764513820540928"/><line number="456" hits="1152921504606846976"/><line number="458" hits="4899916394579099648"/><line number="461" hits="2305843009213693952"/><line number="462" hits="1152921504606846976"/><line number="463" hits="1152921504606846976"/><line number="464" hits="1152921504606846976"/><line number="467" hits="432345564227567616"/><line number="472" hits="12970366926827028480"/><line number="473" hits="8646911284551352320"/><line number="474" hits="12970366926827028480"/><line number="475" hits="4323455642275676160"/><line number="480" hits="3602879701896396800"/><line number="482" hits="1873497444986126336"/><line number="488" hits="16429131440647569408"/><line number="490" hits="4251398048237748224"/><line number="491" hits="4107282860161892352"/><line number="492" hits="4107282860161892352"/><line number="493" hits="4107282860161892352"/><line number="494" hits="4395513236313604096"/><line number="495" hits="3819052484010180608"/><line number="496" hits="5548434740920451072"/><line number="497" hits="4179340454199820288"/><line number="498" hits="2089670227099910144"/><line number="499" hits="2089670227099910144"/><line number="500" hits="2089670227099910144"/><line number="506" hits="2594073385365405696"/><line number="510" hits="7782220156096217088"/><line number="511" hits="6773413839565225984"/><line number="512" hits="6773413839565225984"/><line number="523" hits="0"/><line number="524" hits="0"/><line number="525" hits="0"/><line number="528" hits="0"/><line number="529" hits="0"/><line number="532" hits="0"/><line number="533" hits="0"/><line number="534" hits="0"/><line number="535" hits="0"/><line number="536" hits="0"/><line number="537" hits="0"/><line number="540" hits="0"/><line number="542" hits="0"/><line number="545" hits="0"/><line number="546" hits="0"/><line number="547" hits="0"/><line number="551" hits="0"/><line number="554" hits="0"/><line number="555" hits="0"/><line number="558" hits="0"/><line number="559" hits="0"/><line number="560" hits="0"/><line number="566" hits="0"/><line number="567" hits="0"/><line number="568" hits="0"/><line number="569" hits="0"/><line number="570" hits="0"/><line number="571" hits="0"/><line number="572" hits="0"/><line number="573" hits="0"/><line number="574" hits="0"/><line number="575" hits="0"/><line number="580" hits="0"/><line number="581" hits="0"/><line number="585" hits="0"/></lines></class><class name="markdown" filename="src\markdown.rs" line-rate="0.784037558685446" branch-rate="0" complexity="0"><methods/><lines><line number="18" hits="5260204364768739328"/><line number="29" hits="10520408729537478656"/><line number="30" hits="5260204364768739328"/><line number="32" hits="432345564227567616"/><line number="35" hits="10520408729537478656"/><line number="37" hits="5260204364768739328"/><line number="38" hits="3026418949592973312"/><line number="46" hits="3746994889972252672"/><line number="50" hits="0"/><line number="52" hits="5260204364768739328"/><line number="53" hits="3314649325744685056"/><line number="60" hits="1945555039024054272"/><line number="61" hits="1945555039024054272"/><line number="67" hits="5260204364768739328"/><line number="68" hits="576460752303423488"/><line number="71" hits="5260204364768739328"/><line number="76" hits="5260204364768739328"/><line number="80" hits="5260204364768739328"/><line number="82" hits="5260204364768739328"/><line number="84" hits="5260204364768739328"/><line number="95" hits="5260204364768739328"/><line number="102" hits="5260204364768739328"/><line number="103" hits="10520408729537478656"/><line number="104" hits="10520408729537478656"/><line number="105" hits="10520408729537478656"/><line number="108" hits="17077649786988920831"/><line number="109" hits="12105675798371893251"/><line number="110" hits="12105675798371893247"/><line number="114" hits="4755801206503243771"/><line number="116" hits="12826251738751172597"/><line number="117" hits="18446744073709551612"/><line number="124" hits="20"/><line number="125" hits="30"/><line number="126" hits="10"/><line number="127" hits="10"/><line number="134" hits="4"/><line number="138" hits="5260204364768739328"/><line number="139" hits="18446744073709551615"/><line number="140" hits="0"/><line number="141" hits="0"/><line number="143" hits="4"/><line number="144" hits="0"/><line number="153" hits="5260204364768739332"/><line number="158" hits="12105675798371893247"/><line number="159" hits="5764607523034234878"/><line number="160" hits="5764607523034234878"/><line number="161" hits="12105675798371893247"/><line number="162" hits="12105675798371893247"/><line number="163" hits="12105675798371893247"/><line number="164" hits="12105675798371893247"/><line number="165" hits="12105675798371893247"/><line number="167" hits="12105675798371893247"/><line number="170" hits="17870283321406128125"/><line number="179" hits="4"/><line number="195" hits="5260204364768739328"/><line number="199" hits="13330654897016668159"/><line number="208" hits="6196953087261802490"/><line number="209" hits="13330654897016668171"/><line number="211" hits="8142508126285856766"/><line number="213" hits="72057594037927936"/><line number="214" hits="72057594037927936"/><line number="215" hits="0"/><line number="216" hits="0"/><line number="219" hits="72057594037927936"/><line number="226" hits="13258597302978740227"/><line number="227" hits="16140901064495857676"/><line number="228" hits="2882303761517117449"/><line number="230" hits="8"/><line number="232" hits="0"/><line number="233" hits="13258597302978740223"/><line number="235" hits="13258597302978740223"/><line number="237" hits="13258597302978740223"/><line number="238" hits="13258597302978740223"/><line number="239" hits="13258597302978740223"/><line number="242" hits="13258597302978740223"/><line number="244" hits="8070450532247928838"/><line number="247" hits="8863084066665136128"/><line number="248" hits="4683743612465315839"/><line number="249" hits="4683743612465315839"/><line number="250" hits="4683743612465315839"/><line number="251" hits="4683743612465315839"/><line number="252" hits="4755801206503243775"/><line number="253" hits="5404319552844595199"/><line number="254" hits="5620492334958379007"/><line number="255" hits="4323455642275676158"/><line number="256" hits="2161727821137838079"/><line number="257" hits="2089670227099910143"/><line number="258" hits="2305843009213693951"/><line number="259" hits="1585267068834414591"/><line number="260" hits="1585267068834414591"/><line number="261" hits="1585267068834414591"/><line number="262" hits="1585267068834414591"/><line number="263" hits="1585267068834414591"/><line number="264" hits="1657324662872342527"/><line number="265" hits="1585267068834414591"/><line number="266" hits="1441151880758558719"/><line number="267" hits="1441151880758558719"/><line number="268" hits="1441151880758558719"/><line number="273" hits="13258597302978740219"/><line number="275" hits="13258597302978740219"/><line number="277" hits="0"/><line number="278" hits="0"/><line number="279" hits="0"/><line number="280" hits="0"/><line number="284" hits="0"/><line number="286" hits="0"/><line number="291" hits="0"/><line number="293" hits="0"/><line number="301" hits="15276209936040722425"/><line number="306" hits="2594073385365405696"/><line number="312" hits="4035225266123964416"/><line number="314" hits="576460752303423488"/><line number="317" hits="1513209474796486656"/><line number="318" hits="4539628424389459968"/><line number="319" hits="6052837899185946624"/><line number="320" hits="1513209474796486656"/><line number="321" hits="2522015791327477760"/><line number="323" hits="1008806316530991104"/><line number="324" hits="0"/><line number="325" hits="0"/><line number="326" hits="0"/><line number="332" hits="504403158265495552"/><line number="333" hits="504403158265495552"/><line number="335" hits="0"/><line number="336" hits="0"/><line number="337" hits="0"/><line number="345" hits="504403158265495552"/><line number="347" hits="0"/><line number="348" hits="0"/><line number="349" hits="0"/><line number="350" hits="0"/><line number="351" hits="0"/><line number="361" hits="1080863910568919040"/><line number="362" hits="1080863910568919040"/><line number="363" hits="0"/><line number="364" hits="0"/><line number="367" hits="0"/><line number="368" hits="0"/><line number="369" hits="0"/><line number="376" hits="2089670227099910144"/><line number="377" hits="2089670227099910144"/><line number="382" hits="2089670227099910144"/><line number="383" hits="2089670227099910144"/><line number="387" hits="18446744073709551615"/><line number="389" hits="0"/><line number="390" hits="0"/><line number="393" hits="0"/><line number="394" hits="18446744073709551615"/><line number="398" hits="18446744073709551615"/><line number="399" hits="18446744073709551615"/><line number="403" hits="2882303761517117438"/><line number="405" hits="0"/><line number="406" hits="0"/><line number="409" hits="0"/><line number="410" hits="0"/><line number="414" hits="0"/><line number="415" hits="0"/><line number="418" hits="2882303761517117434"/><line number="420" hits="4"/><line number="421" hits="4"/><line number="422" hits="4"/><line number="423" hits="8"/><line number="426" hits="12"/><line number="427" hits="4"/><line number="428" hits="4"/><line number="429" hits="4"/><line number="433" hits="0"/><line number="435" hits="4"/><line number="436" hits="4"/><line number="437" hits="0"/><line number="438" hits="0"/><line number="441" hits="12"/><line number="442" hits="4"/><line number="446" hits="4"/><line number="450" hits="10664523917613334527"/><line number="454" hits="2161727821137838080"/><line number="456" hits="4323455642275676160"/><line number="457" hits="4323455642275676160"/><line number="458" hits="4323455642275676160"/><line number="459" hits="2161727821137838080"/><line number="460" hits="2161727821137838080"/><line number="463" hits="11889503016258109440"/><line number="464" hits="3170534137668829184"/><line number="465" hits="16212958658533785600"/><line number="466" hits="1080863910568919040"/><line number="470" hits="1080863910568919040"/><line number="474" hits="5692549928996306948"/><line number="475" hits="11385099857992613896"/><line number="476" hits="11385099857992613896"/><line number="478" hits="6773413839565225992"/><line number="479" hits="13835058055282163712"/><line number="480" hits="8142508126285856765"/><line number="481" hits="12538021362599460863"/><line number="485" hits="13907115649320091654"/><line number="486" hits="72057594037927940"/><line number="491" hits="5620492334958379008"/><line number="492" hits="5548434740920451081"/><line number="494" hits="72057594037927934"/><line number="499" hits="576460752303423488"/><line number="500" hits="1729382256910270464"/><line number="504" hits="0"/><line number="505" hits="0"/><line number="506" hits="0"/><line number="514" hits="11385099857992613887"/><line number="520" hits="15708555500268290049"/><line number="522" hits="11385099857992613883"/><line number="523" hits="10016005571271983102"/><line number="524" hits="8358680908399640571"/><line number="527" hits="9871890383196127257"/><line number="528" hits="9871890383196127227"/><line number="529" hits="9583660007044415483"/><line number="533" hits="11385099857992613883"/><line number="534" hits="11385099857992613883"/></lines></class><class name="state" filename="src\state.rs" line-rate="0.9722222222222222" branch-rate="0" complexity="0"><methods/><lines><line number="82" hits="4611686018427387904"/><line number="88" hits="9223372036854775808"/><line number="93" hits="13835058055282163712"/><line number="94" hits="8791026472627208192"/><line number="95" hits="15492382718154506240"/><line number="97" hits="4179340454199820288"/><line number="99" hits="4179340454199820288"/><line number="100" hits="11529215046068469760"/><line number="101" hits="15348267530078650368"/><line number="102" hits="11385099857992613888"/><line number="104" hits="72057594037927936"/><line number="105" hits="72057594037927936"/><line number="106" hits="72057594037927936"/><line number="107" hits="72057594037927936"/><line number="110" hits="15492382718154506240"/><line number="114" hits="4611686018427387904"/><line number="116" hits="4611686018427387904"/><line number="137" hits="1657324662872342528"/><line number="139" hits="4971973988617027584"/><line number="140" hits="1657324662872342528"/><line number="142" hits="17798225727368200192"/><line number="145" hits="4971973988617027584"/><line number="146" hits="1657324662872342528"/><line number="148" hits="2522015791327477760"/><line number="152" hits="8286623314361712640"/><line number="155" hits="3314649325744685056"/><line number="156" hits="3314649325744685056"/><line number="157" hits="3314649325744685056"/><line number="159" hits="5692549928996306944"/><line number="162" hits="936748722493063168"/><line number="163" hits="432345564227567616"/><line number="164" hits="2810246167479189504"/><line number="165" hits="0"/><line number="170" hits="8286623314361712640"/><line number="183" hits="288230376151711744"/><line number="184" hits="864691128455135232"/><line number="185" hits="72057594037927936"/><line number="188" hits="720575940379279360"/><line number="189" hits="432345564227567616"/><line number="190" hits="144115188075855872"/><line number="191" hits="144115188075855872"/><line number="192" hits="72057594037927936"/><line number="195" hits="72057594037927936"/><line number="199" hits="72057594037927936"/><line number="203" hits="4827858800541171712"/><line number="207" hits="9655717601082343424"/><line number="208" hits="14483576401623515136"/><line number="209" hits="14483576401623515136"/><line number="210" hits="14483576401623515136"/><line number="211" hits="14483576401623515136"/><line number="212" hits="14483576401623515136"/><line number="214" hits="864691128455135232"/><line number="220" hits="12321848580485677056"/><line number="226" hits="72057594037927936"/><line number="228" hits="12321848580485677056"/><line number="229" hits="10160120759347838976"/><line number="230" hits="6485183463413514240"/><line number="232" hits="2161727821137838080"/><line number="233" hits="8646911284551352320"/><line number="235" hits="0"/><line number="254" hits="4539628424389459968"/><line number="255" hits="4539628424389459968"/><line number="259" hits="1297036692682702848"/><line number="260" hits="1297036692682702848"/><line number="261" hits="72057594037927936"/><line number="264" hits="2449958197289549824"/><line number="265" hits="3674937295934324736"/><line number="267" hits="3098476543630901248"/><line number="271" hits="1657324662872342528"/><line number="275" hits="3098476543630901248"/><line number="279" hits="2449958197289549824"/><line number="280" hits="1224979098644774912"/></lines></class><class name="token_count" filename="src\token_count.rs" line-rate="1" branch-rate="0" complexity="0"><methods/><lines><line number="10" hits="432345564227567616"/><line number="13" hits="8574853690513424384"/><line number="14" hits="7277816997830721536"/><line number="18" hits="1297036692682702848"/><line number="19" hits="3891110078048108544"/><line number="20" hits="7782220156096217088"/><line number="23" hits="3891110078048108544"/><line number="24" hits="1297036692682702848"/><line number="25" hits="2594073385365405696"/><line number="26" hits="7782220156096217088"/><line number="31" hits="1297036692682702848"/><line number="34" hits="2522015791327477760"/><line number="37" hits="216172782113783808"/><line number="40" hits="720575940379279360"/><line number="42" hits="72057594037927936"/><line number="44" hits="1152921504606846976"/><line number="48" hits="1297036692682702848"/><line number="52" hits="1801439850948198400"/><line number="53" hits="3602879701896396800"/><line number="56" hits="7205759403792793600"/><line number="58" hits="6989586621679009792"/><line number="60" hits="1585267068834414592"/><line number="61" hits="1585267068834414592"/><line number="63" hits="2017612633061982208"/><line number="64" hits="3026418949592973312"/><line number="65" hits="2017612633061982208"/><line number="70" hits="1801439850948198400"/></lines></class><class name="tree" filename="src\tree.rs" line-rate="1" branch-rate="0" complexity="0"><methods/><lines><line number="17" hits="11240984669916758016"/><line number="18" hits="4035225266123964416"/><line number="19" hits="144115188075855870"/><line number="23" hits="144115188075855872"/><line number="29" hits="11240984669916758016"/><line number="33" hits="3963167672086036479"/><line number="34" hits="7926335344172072958"/><line number="35" hits="72057594037927946"/><line number="40" hits="13402712491054596095"/><line number="42" hits="3314649325744685053"/><line number="46" hits="17149707381026848757"/><line number="47" hits="13330654897016668160"/><line number="50" hits="17149707381026848753"/><line number="57" hits="864691128455135232"/><line number="58" hits="3746994889972252672"/><line number="61" hits="1008806316530991104"/><line number="62" hits="1008806316530991104"/><line number="64" hits="864691128455135232"/><line number="65" hits="1297036692682702848"/><line number="66" hits="864691128455135232"/><line number="73" hits="2954361355555045376"/><line number="78" hits="9871890383196127234"/><line number="79" hits="6341068275337658376"/><line number="80" hits="15420325124116578306"/><line number="82" hits="5548434740920451074"/><line number="84" hits="11601272640106397700"/><line number="85" hits="16357073846609641484"/><line number="86" hits="11601272640106397700"/><line number="90" hits="2954361355555045372"/></lines></class></classes></package></packages></coverage>